<?xml version="1.0" encoding="UTF-8"?>
<!-- Generated by org.testng.reporters.JUnitReportReporter -->
<testsuite skipped="0" hostname="LAPTOP-4QEVCKI3" name="TestingProject.Assignment.homePage" tests="1" failures="0" timestamp="2020-07-28T15:04:13 IST" time="20.956" errors="0">
  <testcase name="basenavigationpage" time="20.956" classname="TestingProject.Assignment.homePage"/>
  <system-out/>
</testsuite> <!-- TestingProject.Assignment.homePage -->
